f:\game academy\terre creuse\projet terre creuse\sfml-window\release\vc141.pdb
f:\game academy\terre creuse\projet terre creuse\sfml-window\release\fonctions.obj
f:\game academy\terre creuse\projet terre creuse\sfml-window\release\main.obj
c:\users\taillade.guillaume\desktop\terre creuse test icone\projet terre creuse\sfml-window\release\vc141.pdb
c:\users\taillade.guillaume\desktop\terre creuse test icone\projet terre creuse\sfml-window\release\main.obj
c:\users\taillade.guillaume\desktop\terre creuse test icone\projet terre creuse\sfml-window\release\fonctions.obj
f:\game academy\terre creuse\projet terre creuse\release\sfml-terre-creuse.exe
f:\game academy\terre creuse\projet terre creuse\release\sfml-terre-creuse.pdb
c:\users\taillade.guillaume\desktop\terre creuse test icone\projet terre creuse\sfml-window\release\resource.res
f:\game academy\terre creuse\projet terre creuse\release\sfml-terre-creuse.ipdb
f:\game academy\terre creuse\projet terre creuse\release\sfml-terre-creuse.iobj
c:\users\guillaume\desktop\terre creuse alpha\projet terre creuse\sfml-window\release\fonctions.obj
c:\users\guillaume\desktop\terre creuse alpha\projet terre creuse\sfml-window\release\main.obj
c:\users\guillaume\desktop\terre creuse alpha\projet terre creuse\sfml-window\release\resource.res
c:\users\guillaume\desktop\terre creuse alpha\projet terre creuse\sfml-window\release\vc141.pdb
c:\users\guillaume\desktop\terre creuse alpha\projet terre creuse\release\sfml-terre-creuse.pdb
c:\users\guillaume\desktop\terre creuse alpha\projet terre creuse\sfml-window\release\sfml-ter.3db74199.tlog\cl.command.1.tlog
c:\users\guillaume\desktop\terre creuse alpha\projet terre creuse\sfml-window\release\sfml-ter.3db74199.tlog\cl.read.1.tlog
c:\users\guillaume\desktop\terre creuse alpha\projet terre creuse\sfml-window\release\sfml-ter.3db74199.tlog\cl.write.1.tlog
c:\users\guillaume\desktop\terre creuse alpha\projet terre creuse\sfml-window\release\sfml-ter.3db74199.tlog\link.command.1.tlog
c:\users\guillaume\desktop\terre creuse alpha\projet terre creuse\sfml-window\release\sfml-ter.3db74199.tlog\link.read.1.tlog
c:\users\guillaume\desktop\terre creuse alpha\projet terre creuse\sfml-window\release\sfml-ter.3db74199.tlog\link.write.1.tlog
c:\users\guillaume\desktop\terre creuse alpha\projet terre creuse\sfml-window\release\sfml-ter.3db74199.tlog\rc.command.1.tlog
c:\users\guillaume\desktop\terre creuse alpha\projet terre creuse\sfml-window\release\sfml-ter.3db74199.tlog\rc.read.1.tlog
c:\users\guillaume\desktop\terre creuse alpha\projet terre creuse\sfml-window\release\sfml-ter.3db74199.tlog\rc.write.1.tlog
c:\users\guillaume\desktop\terre creuse alpha\projet terre creuse\sfml-window\release\sfml-ter.3db74199.tlog\sfml-terre-creuse.write.1u.tlog
