d:\Program Files (x86)\Microsoft Visual Studio\2017\Community\Common7\IDE\VC\VCTargets\Microsoft.CppBuild.targets(391,5): warning MSB8028: Le répertoire intermédiaire (Debug\) contient des fichiers partagés provenant d'un autre projet (SFML-TERRE-CREUSE.vcxproj). Cela peut entraîner un comportement de nettoyage et de régénération incorrect.
  main.c
d:\projet groupe\blood system\sfml-window\header.h(16): warning C4067: jetons inattendus après la directive du préprocesseur - saut de ligne attendu
d:\projet groupe\blood system\sfml-window\header.h(20): warning C4067: jetons inattendus après la directive du préprocesseur - saut de ligne attendu
d:\projet groupe\blood system\sfml-window\header.h(24): warning C4067: jetons inattendus après la directive du préprocesseur - saut de ligne attendu
d:\projet groupe\blood system\sfml-window\header.h(28): warning C4067: jetons inattendus après la directive du préprocesseur - saut de ligne attendu
d:\projet groupe\blood system\sfml-window\header.h(32): warning C4067: jetons inattendus après la directive du préprocesseur - saut de ligne attendu
d:\projet groupe\blood system\sfml-window\header.h(36): warning C4067: jetons inattendus après la directive du préprocesseur - saut de ligne attendu
d:\projet groupe\blood system\sfml-window\header.h(40): warning C4067: jetons inattendus après la directive du préprocesseur - saut de ligne attendu
d:\projet groupe\blood system\sfml-window\header.h(44): warning C4067: jetons inattendus après la directive du préprocesseur - saut de ligne attendu
d:\projet groupe\blood system\sfml-window\main.c(6): warning C4244: 'fonction' : conversion de 'time_t' en 'unsigned int', perte possible de données
d:\projet groupe\blood system\sfml-window\main.c(325): warning C4133: 'fonction' : types incompatibles - de 'sfRenderWindow *' à 'const sfWindow *'
d:\projet groupe\blood system\sfml-window\main.c(378): warning C4305: '=' : troncation de 'double' à 'float'
d:\projet groupe\blood system\sfml-window\main.c(397): warning C4305: '=' : troncation de 'double' à 'float'
d:\projet groupe\blood system\sfml-window\main.c(398): warning C4305: '=' : troncation de 'double' à 'float'
d:\projet groupe\blood system\sfml-window\main.c(407): warning C4305: '=' : troncation de 'double' à 'float'
d:\projet groupe\blood system\sfml-window\main.c(408): warning C4305: '=' : troncation de 'double' à 'float'
d:\projet groupe\blood system\sfml-window\main.c(615): warning C4133: 'fonction' : types incompatibles - de 'sfRenderWindow *' à 'const sfWindow *'
d:\projet groupe\blood system\sfml-window\main.c(627): warning C4244: 'fonction' : conversion de 'int' en 'float', perte possible de données
d:\projet groupe\blood system\sfml-window\main.c(629): warning C4244: 'fonction' : conversion de 'float' en 'unsigned int', perte possible de données
d:\projet groupe\blood system\sfml-window\main.c(630): warning C4244: 'fonction' : conversion de 'float' en 'unsigned int', perte possible de données
d:\projet groupe\blood system\sfml-window\main.c(652): warning C4244: 'fonction' : conversion de 'int' en 'float', perte possible de données
d:\projet groupe\blood system\sfml-window\main.c(654): warning C4244: 'fonction' : conversion de 'float' en 'unsigned int', perte possible de données
d:\projet groupe\blood system\sfml-window\main.c(655): warning C4244: 'fonction' : conversion de 'float' en 'unsigned int', perte possible de données
d:\projet groupe\blood system\sfml-window\main.c(676): warning C4244: 'fonction' : conversion de 'int' en 'float', perte possible de données
d:\projet groupe\blood system\sfml-window\main.c(678): warning C4244: 'fonction' : conversion de 'float' en 'unsigned int', perte possible de données
d:\projet groupe\blood system\sfml-window\main.c(679): warning C4244: 'fonction' : conversion de 'float' en 'unsigned int', perte possible de données
d:\projet groupe\blood system\sfml-window\main.c(752): warning C4244: 'fonction' : conversion de 'int' en 'float', perte possible de données
d:\projet groupe\blood system\sfml-window\main.c(754): warning C4244: 'fonction' : conversion de 'float' en 'unsigned int', perte possible de données
d:\projet groupe\blood system\sfml-window\main.c(755): warning C4244: 'fonction' : conversion de 'float' en 'unsigned int', perte possible de données
d:\projet groupe\blood system\sfml-window\main.c(776): warning C4244: 'fonction' : conversion de 'int' en 'float', perte possible de données
d:\projet groupe\blood system\sfml-window\main.c(778): warning C4244: 'fonction' : conversion de 'float' en 'unsigned int', perte possible de données
d:\projet groupe\blood system\sfml-window\main.c(779): warning C4244: 'fonction' : conversion de 'float' en 'unsigned int', perte possible de données
d:\projet groupe\blood system\sfml-window\main.c(799): warning C4244: 'fonction' : conversion de 'int' en 'float', perte possible de données
d:\projet groupe\blood system\sfml-window\main.c(801): warning C4244: 'fonction' : conversion de 'float' en 'unsigned int', perte possible de données
d:\projet groupe\blood system\sfml-window\main.c(802): warning C4244: 'fonction' : conversion de 'float' en 'unsigned int', perte possible de données
d:\projet groupe\blood system\sfml-window\main.c(827): warning C4244: 'fonction' : conversion de 'int' en 'float', perte possible de données
d:\projet groupe\blood system\sfml-window\main.c(829): warning C4244: 'fonction' : conversion de 'float' en 'unsigned int', perte possible de données
d:\projet groupe\blood system\sfml-window\main.c(830): warning C4244: 'fonction' : conversion de 'float' en 'unsigned int', perte possible de données
d:\projet groupe\blood system\sfml-window\main.c(851): warning C4244: 'fonction' : conversion de 'int' en 'float', perte possible de données
d:\projet groupe\blood system\sfml-window\main.c(853): warning C4244: 'fonction' : conversion de 'float' en 'unsigned int', perte possible de données
d:\projet groupe\blood system\sfml-window\main.c(854): warning C4244: 'fonction' : conversion de 'float' en 'unsigned int', perte possible de données
d:\projet groupe\blood system\sfml-window\main.c(875): warning C4244: 'fonction' : conversion de 'int' en 'float', perte possible de données
d:\projet groupe\blood system\sfml-window\main.c(877): warning C4244: 'fonction' : conversion de 'float' en 'unsigned int', perte possible de données
d:\projet groupe\blood system\sfml-window\main.c(878): warning C4244: 'fonction' : conversion de 'float' en 'unsigned int', perte possible de données
d:\projet groupe\blood system\sfml-window\main.c(921): warning C4244: 'fonction' : conversion de 'int' en 'float', perte possible de données
d:\projet groupe\blood system\sfml-window\main.c(923): warning C4244: 'fonction' : conversion de 'float' en 'unsigned int', perte possible de données
d:\projet groupe\blood system\sfml-window\main.c(924): warning C4244: 'fonction' : conversion de 'float' en 'unsigned int', perte possible de données
d:\projet groupe\blood system\sfml-window\main.c(945): warning C4244: 'fonction' : conversion de 'int' en 'float', perte possible de données
d:\projet groupe\blood system\sfml-window\main.c(947): warning C4244: 'fonction' : conversion de 'float' en 'unsigned int', perte possible de données
d:\projet groupe\blood system\sfml-window\main.c(948): warning C4244: 'fonction' : conversion de 'float' en 'unsigned int', perte possible de données
d:\projet groupe\blood system\sfml-window\main.c(968): warning C4244: 'fonction' : conversion de 'int' en 'float', perte possible de données
d:\projet groupe\blood system\sfml-window\main.c(970): warning C4244: 'fonction' : conversion de 'float' en 'unsigned int', perte possible de données
d:\projet groupe\blood system\sfml-window\main.c(971): warning C4244: 'fonction' : conversion de 'float' en 'unsigned int', perte possible de données
d:\projet groupe\blood system\sfml-window\main.c(1008): warning C4244: 'fonction' : conversion de 'int' en 'float', perte possible de données
d:\projet groupe\blood system\sfml-window\main.c(1010): warning C4244: 'fonction' : conversion de 'float' en 'unsigned int', perte possible de données
d:\projet groupe\blood system\sfml-window\main.c(1011): warning C4244: 'fonction' : conversion de 'float' en 'unsigned int', perte possible de données
d:\projet groupe\blood system\sfml-window\main.c(1032): warning C4244: 'fonction' : conversion de 'int' en 'float', perte possible de données
d:\projet groupe\blood system\sfml-window\main.c(1034): warning C4244: 'fonction' : conversion de 'float' en 'unsigned int', perte possible de données
d:\projet groupe\blood system\sfml-window\main.c(1035): warning C4244: 'fonction' : conversion de 'float' en 'unsigned int', perte possible de données
d:\projet groupe\blood system\sfml-window\main.c(1055): warning C4244: 'fonction' : conversion de 'int' en 'float', perte possible de données
d:\projet groupe\blood system\sfml-window\main.c(1057): warning C4244: 'fonction' : conversion de 'float' en 'unsigned int', perte possible de données
d:\projet groupe\blood system\sfml-window\main.c(1058): warning C4244: 'fonction' : conversion de 'float' en 'unsigned int', perte possible de données
d:\projet groupe\blood system\sfml-window\main.c(1081): warning C4244: 'fonction' : conversion de 'int' en 'float', perte possible de données
d:\projet groupe\blood system\sfml-window\main.c(1083): warning C4244: 'fonction' : conversion de 'float' en 'unsigned int', perte possible de données
d:\projet groupe\blood system\sfml-window\main.c(1084): warning C4244: 'fonction' : conversion de 'float' en 'unsigned int', perte possible de données
d:\projet groupe\blood system\sfml-window\main.c(1104): warning C4244: 'fonction' : conversion de 'int' en 'float', perte possible de données
d:\projet groupe\blood system\sfml-window\main.c(1106): warning C4244: 'fonction' : conversion de 'float' en 'unsigned int', perte possible de données
d:\projet groupe\blood system\sfml-window\main.c(1107): warning C4244: 'fonction' : conversion de 'float' en 'unsigned int', perte possible de données
d:\projet groupe\blood system\sfml-window\main.c(1222): warning C4133: 'fonction' : types incompatibles - de 'sfRenderWindow *' à 'const sfWindow *'
d:\projet groupe\blood system\sfml-window\main.c(1226): warning C4244: 'fonction' : conversion de 'int' en 'float', perte possible de données
d:\projet groupe\blood system\sfml-window\main.c(1244): warning C4244: 'fonction' : conversion de 'int' en 'float', perte possible de données
d:\projet groupe\blood system\sfml-window\main.c(1263): warning C4244: 'fonction' : conversion de 'int' en 'float', perte possible de données
d:\projet groupe\blood system\sfml-window\main.c(1293): warning C4133: 'fonction' : types incompatibles - de 'sfRenderWindow *' à 'const sfWindow *'
d:\projet groupe\blood system\sfml-window\main.c(1295): warning C4244: 'fonction' : conversion de 'int' en 'float', perte possible de données
d:\projet groupe\blood system\sfml-window\main.c(1315): warning C4244: 'fonction' : conversion de 'int' en 'float', perte possible de données
d:\projet groupe\blood system\sfml-window\main.c(1585): warning C4244: '=' : conversion de 'int' en 'float', perte possible de données
d:\projet groupe\blood system\sfml-window\main.c(1586): warning C4244: '=' : conversion de 'int' en 'float', perte possible de données
d:\projet groupe\blood system\sfml-window\main.c(1753): warning C4244: 'fonction' : conversion de 'float' en 'unsigned int', perte possible de données
d:\projet groupe\blood system\sfml-window\main.c(1901): warning C4244: '=' : conversion de 'double' en 'float', perte possible de données
d:\projet groupe\blood system\sfml-window\main.c(1902): warning C4244: '=' : conversion de 'double' en 'float', perte possible de données
d:\projet groupe\blood system\sfml-window\main.c(1906): warning C4244: '=' : conversion de 'double' en 'float', perte possible de données
d:\projet groupe\blood system\sfml-window\main.c(1907): warning C4244: '=' : conversion de 'double' en 'float', perte possible de données
d:\projet groupe\blood system\sfml-window\main.c(1915): warning C4244: 'fonction' : conversion de 'float' en 'unsigned int', perte possible de données
d:\projet groupe\blood system\sfml-window\main.c(1916): warning C4244: 'fonction' : conversion de 'float' en 'unsigned int', perte possible de données
d:\projet groupe\blood system\sfml-window\main.c(1931): warning C4244: 'fonction' : conversion de 'float' en 'unsigned int', perte possible de données
d:\projet groupe\blood system\sfml-window\main.c(1932): warning C4244: 'fonction' : conversion de 'float' en 'unsigned int', perte possible de données
d:\projet groupe\blood system\sfml-window\main.c(2108): warning C4305: '=' : troncation de 'double' à 'float'
d:\projet groupe\blood system\sfml-window\main.c(2109): warning C4305: '=' : troncation de 'double' à 'float'
d:\projet groupe\blood system\sfml-window\main.c(2117): warning C4305: '=' : troncation de 'double' à 'float'
d:\projet groupe\blood system\sfml-window\main.c(2118): warning C4305: '=' : troncation de 'double' à 'float'
d:\projet groupe\blood system\sfml-window\main.c(2279): warning C4133: 'fonction' : types incompatibles - de 'sfRenderWindow *' à 'const sfWindow *'
d:\projet groupe\blood system\sfml-window\main.c(2291): warning C4244: 'fonction' : conversion de 'float' en 'unsigned int', perte possible de données
d:\projet groupe\blood system\sfml-window\main.c(2292): warning C4244: 'fonction' : conversion de 'float' en 'unsigned int', perte possible de données
d:\projet groupe\blood system\sfml-window\main.c(2354): warning C4133: 'fonction' : types incompatibles - de 'sfRenderWindow *' à 'const sfWindow *'
d:\projet groupe\blood system\sfml-window\main.c(2363): warning C4244: 'fonction' : conversion de 'float' en 'unsigned int', perte possible de données
d:\projet groupe\blood system\sfml-window\main.c(2364): warning C4244: 'fonction' : conversion de 'float' en 'unsigned int', perte possible de données
d:\projet groupe\blood system\sfml-window\main.c(2556): warning C4244: 'fonction' : conversion de 'float' en 'unsigned int', perte possible de données
d:\projet groupe\blood system\sfml-window\main.c(2561): warning C4244: 'fonction' : conversion de 'float' en 'unsigned int', perte possible de données
d:\projet groupe\blood system\sfml-window\main.c(2566): warning C4244: 'fonction' : conversion de 'float' en 'unsigned int', perte possible de données
d:\projet groupe\blood system\sfml-window\main.c(2567): warning C4244: 'fonction' : conversion de 'float' en 'unsigned int', perte possible de données
d:\projet groupe\blood system\sfml-window\main.c(2572): warning C4244: 'fonction' : conversion de 'float' en 'unsigned int', perte possible de données
d:\projet groupe\blood system\sfml-window\main.c(2573): warning C4244: 'fonction' : conversion de 'float' en 'unsigned int', perte possible de données
d:\projet groupe\blood system\sfml-window\main.c(2630): warning C4244: 'fonction' : conversion de 'float' en 'unsigned int', perte possible de données
d:\projet groupe\blood system\sfml-window\main.c(2639): warning C4244: 'fonction' : conversion de 'float' en 'unsigned int', perte possible de données
d:\projet groupe\blood system\sfml-window\main.c(2648): warning C4244: 'fonction' : conversion de 'float' en 'unsigned int', perte possible de données
d:\projet groupe\blood system\sfml-window\main.c(2649): warning C4244: 'fonction' : conversion de 'float' en 'unsigned int', perte possible de données
d:\projet groupe\blood system\sfml-window\main.c(2658): warning C4244: 'fonction' : conversion de 'float' en 'unsigned int', perte possible de données
d:\projet groupe\blood system\sfml-window\main.c(2659): warning C4244: 'fonction' : conversion de 'float' en 'unsigned int', perte possible de données
d:\projet groupe\blood system\sfml-window\main.c(2668): warning C4244: 'fonction' : conversion de 'float' en 'unsigned int', perte possible de données
d:\projet groupe\blood system\sfml-window\main.c(2669): warning C4244: 'fonction' : conversion de 'float' en 'unsigned int', perte possible de données
d:\projet groupe\blood system\sfml-window\main.c(2733): warning C4133: 'fonction' : types incompatibles - de 'sfSprite *' à 'const sfShape *'
d:\projet groupe\blood system\sfml-window\main.c(2756): warning C4244: 'fonction' : conversion de 'float' en 'unsigned int', perte possible de données
d:\projet groupe\blood system\sfml-window\main.c(2757): warning C4244: 'fonction' : conversion de 'float' en 'unsigned int', perte possible de données
d:\projet groupe\blood system\sfml-window\main.c(2800): warning C4305: '=' : troncation de 'double' à 'float'
d:\projet groupe\blood system\sfml-window\main.c(2852): warning C4244: '+=' : conversion de 'double' en 'float', perte possible de données
d:\projet groupe\blood system\sfml-window\main.c(2853): warning C4244: '+=' : conversion de 'double' en 'float', perte possible de données
d:\projet groupe\blood system\sfml-window\main.c(2870): warning C4133: 'fonction' : types incompatibles - de 'sfRenderWindow *' à 'const sfWindow *'
d:\projet groupe\blood system\sfml-window\main.c(3248): warning C4133: 'fonction' : types incompatibles - de 'sfRenderWindow *' à 'const sfWindow *'
d:\projet groupe\blood system\sfml-window\main.c(3256): warning C4244: 'fonction' : conversion de 'float' en 'unsigned int', perte possible de données
d:\projet groupe\blood system\sfml-window\main.c(3257): warning C4244: 'fonction' : conversion de 'float' en 'unsigned int', perte possible de données
d:\projet groupe\blood system\sfml-window\main.c(3308): warning C4244: '+=' : conversion de 'double' en 'float', perte possible de données
d:\projet groupe\blood system\sfml-window\main.c(3309): warning C4244: '+=' : conversion de 'double' en 'float', perte possible de données
d:\projet groupe\blood system\sfml-window\main.c(3324): warning C4133: 'fonction' : types incompatibles - de 'sfRenderWindow *' à 'const sfWindow *'
d:\projet groupe\blood system\sfml-window\main.c(3383): warning C4133: 'fonction' : types incompatibles - de 'sfRenderWindow *' à 'const sfWindow *'
d:\projet groupe\blood system\sfml-window\main.c(3552): warning C4133: 'fonction' : types incompatibles - de 'sfRenderWindow *' à 'const sfWindow *'
d:\projet groupe\blood system\sfml-window\main.c(3557): warning C4244: 'fonction' : conversion de 'int' en 'float', perte possible de données
d:\projet groupe\blood system\sfml-window\main.c(3567): warning C4244: 'fonction' : conversion de 'int' en 'float', perte possible de données
d:\projet groupe\blood system\sfml-window\main.c(3584): warning C4244: 'fonction' : conversion de 'int' en 'float', perte possible de données
d:\projet groupe\blood system\sfml-window\main.c(3608): warning C4244: 'fonction' : conversion de 'int' en 'float', perte possible de données
d:\projet groupe\blood system\sfml-window\main.c(3632): warning C4244: 'fonction' : conversion de 'int' en 'float', perte possible de données
d:\projet groupe\blood system\sfml-window\main.c(328): warning C4244: 'initialisation' : conversion de 'unsigned int' en 'float', perte possible de données
d:\projet groupe\blood system\sfml-window\main.c(435): warning C4101: 'Color_Green' : variable locale non référencée
d:\projet groupe\blood system\sfml-window\main.c(119): warning C4101: 'Rect_TowerBB' : variable locale non référencée
d:\projet groupe\blood system\sfml-window\main.c(434): warning C4101: 'Color_Blue' : variable locale non référencée
  SFML-window.vcxproj -> D:\projet groupe\BLOOD SYSTEM\Debug\Tower Defense.exe
