d:\projet groupe\_projet groupe\blood system first playable\sfml-window\debug\vc141.pdb
d:\projet groupe\_projet groupe\blood system first playable\sfml-window\debug\vc141.idb
d:\projet groupe\_projet groupe\blood system first playable\sfml-window\debug\main.obj
d:\projet groupe\_projet groupe\blood system first playable\sfml-window\debug\fonctions.obj
d:\projet groupe\blood system\sfml-window\debug\vc141.pdb
d:\projet groupe\blood system\sfml-window\debug\vc141.idb
d:\projet groupe\blood system\sfml-window\debug\main.obj
d:\projet groupe\blood system\sfml-window\debug\fonctions.obj
d:\projet groupe\_projet groupe\blood system first playable\debug\tower defense.exe
d:\projet groupe\_projet groupe\blood system first playable\debug\tower defense.ilk
d:\projet groupe\_projet groupe\blood system first playable\debug\tower defense.pdb
d:\projet groupe\blood system\debug\tower defense.exe
d:\projet groupe\blood system\debug\tower defense.ilk
d:\projet groupe\blood system\debug\tower defense.pdb
d:\projet groupe\_projet groupe\blood system first playable\sfml-window\debug\resource.res
d:\projet groupe\blood system\sfml-window\debug\resource.res
d:\projet groupe\blood system\sfml-window\debug\fonctions.obj.enc
d:\projet groupe\blood system\sfml-window\debug\tower defense.tlog\cl.command.1.tlog
d:\projet groupe\blood system\sfml-window\debug\tower defense.tlog\cl.read.1.tlog
d:\projet groupe\blood system\sfml-window\debug\tower defense.tlog\cl.write.1.tlog
d:\projet groupe\blood system\sfml-window\debug\tower defense.tlog\link.command.1.tlog
d:\projet groupe\blood system\sfml-window\debug\tower defense.tlog\link.read.1.tlog
d:\projet groupe\blood system\sfml-window\debug\tower defense.tlog\link.write.1.tlog
d:\projet groupe\blood system\sfml-window\debug\tower defense.tlog\rc.command.1.tlog
d:\projet groupe\blood system\sfml-window\debug\tower defense.tlog\rc.read.1.tlog
d:\projet groupe\blood system\sfml-window\debug\tower defense.tlog\rc.write.1.tlog
